<?xml version="1.0" encoding="UTF-8"?>
<!-- Generated by org.testng.reporters.JUnitReportReporter -->
<testsuite hostname="shree-PC" failures="0" tests="1" name="com.testautomation.apitesting.tests.AllureReportGeneration" time="31.905" errors="0" timestamp="29 May 2023 11:21:02 GMT" skipped="0">
  <testcase classname="com.testautomation.apitesting.tests.AllureReportGeneration" name="eneToendTest" time="31.905"/>
</testsuite> <!-- com.testautomation.apitesting.tests.AllureReportGeneration -->
